[INFO] Scanning for projects...
[INFO] 
[INFO] --------------------< com.example:backendCookShare >--------------------
[INFO] Building backendCookShare 1.0.0
[INFO]   from pom.xml
[INFO] --------------------------------[ jar ]---------------------------------
[INFO] 
[INFO] >>> spring-boot:3.5.7:run (default-cli) > test-compile @ backendCookShare >>>
[INFO] 
[INFO] --- resources:3.3.1:resources (default-resources) @ backendCookShare ---
[INFO] Copying 1 resource from src\main\resources to target\classes
[INFO] Copying 0 resource from src\main\resources to target\classes
[INFO] 
[INFO] --- compiler:3.10.1:compile (default-compile) @ backendCookShare ---
[INFO] Nothing to compile - all classes are up to date
[INFO] 
[INFO] --- resources:3.3.1:testResources (default-testResources) @ backendCookShare ---
[INFO] skip non existing resourceDirectory C:\Users\pc\Desktop\justFolders\CookShare\backendCookShare\src\test\resources
[INFO] 
[INFO] --- compiler:3.10.1:testCompile (default-testCompile) @ backendCookShare ---
[INFO] Nothing to compile - all classes are up to date
[INFO] 
[INFO] <<< spring-boot:3.5.7:run (default-cli) < test-compile @ backendCookShare <<<
[INFO] 
[INFO] 
[INFO] --- spring-boot:3.5.7:run (default-cli) @ backendCookShare ---
[INFO] Attaching agents: []

  .   ____          _            __ _ _
 /\\ / ___'_ __ _ _(_)_ __  __ _ \ \ \ \
( ( )\___ | '_ | '_| | '_ \/ _` | \ \ \ \
 \\/  ___)| |_)| | | | | || (_| |  ) ) ) )
  '  |____| .__|_| |_|_| |_\__, | / / / /
 =========|_|==============|___/=/_/_/_/

 :: Spring Boot ::                (v3.5.7)

2025-12-18T23:53:31.581+01:00  INFO 1144 --- [backendCookShare] [           main] c.e.b.BackendCookShareApplication        : Starting BackendCookShareApplication using Java 21.0.9 with PID 1144 (C:\Users\pc\Desktop\justFolders\CookShare\backendCookShare\target\classes started by pc in C:\Users\pc\Desktop\justFolders\CookShare\backendCookShare)
2025-12-18T23:53:31.585+01:00  INFO 1144 --- [backendCookShare] [           main] c.e.b.BackendCookShareApplication        : No active profile set, falling back to 1 default profile: "default"
2025-12-18T23:53:32.532+01:00  INFO 1144 --- [backendCookShare] [           main] .s.d.r.c.RepositoryConfigurationDelegate : Bootstrapping Spring Data JPA repositories in DEFAULT mode.
2025-12-18T23:53:32.630+01:00  INFO 1144 --- [backendCookShare] [           main] .s.d.r.c.RepositoryConfigurationDelegate : Finished Spring Data repository scanning in 87 ms. Found 3 JPA repository interfaces.
2025-12-18T23:53:33.407+01:00  INFO 1144 --- [backendCookShare] [           main] o.s.b.w.embedded.tomcat.TomcatWebServer  : Tomcat initialized with port 8080 (http)
2025-12-18T23:53:33.425+01:00  INFO 1144 --- [backendCookShare] [           main] o.apache.catalina.core.StandardService   : Starting service [Tomcat]
2025-12-18T23:53:33.425+01:00  INFO 1144 --- [backendCookShare] [           main] o.apache.catalina.core.StandardEngine    : Starting Servlet engine: [Apache Tomcat/10.1.48]
2025-12-18T23:53:33.515+01:00  INFO 1144 --- [backendCookShare] [           main] o.a.c.c.C.[Tomcat].[localhost].[/]       : Initializing Spring embedded WebApplicationContext
2025-12-18T23:53:33.515+01:00  INFO 1144 --- [backendCookShare] [           main] w.s.c.ServletWebServerApplicationContext : Root WebApplicationContext: initialization completed in 1862 ms
2025-12-18T23:53:33.714+01:00  INFO 1144 --- [backendCookShare] [           main] o.hibernate.jpa.internal.util.LogHelper  : HHH000204: Processing PersistenceUnitInfo [name: default]
2025-12-18T23:53:33.792+01:00  INFO 1144 --- [backendCookShare] [           main] org.hibernate.Version                    : HHH000412: Hibernate ORM core version 6.6.33.Final
2025-12-18T23:53:33.845+01:00  INFO 1144 --- [backendCookShare] [           main] o.h.c.internal.RegionFactoryInitiator    : HHH000026: Second-level cache disabled
2025-12-18T23:53:34.270+01:00  INFO 1144 --- [backendCookShare] [           main] o.s.o.j.p.SpringPersistenceUnitInfo      : No LoadTimeWeaver setup: ignoring JPA class transformer
2025-12-18T23:53:34.342+01:00  INFO 1144 --- [backendCookShare] [           main] com.zaxxer.hikari.HikariDataSource       : HikariPool-1 - Starting...
2025-12-18T23:53:34.862+01:00  INFO 1144 --- [backendCookShare] [           main] com.zaxxer.hikari.pool.HikariPool        : HikariPool-1 - Added connection com.mysql.cj.jdbc.ConnectionImpl@56b05bd7
2025-12-18T23:53:34.865+01:00  INFO 1144 --- [backendCookShare] [           main] com.zaxxer.hikari.HikariDataSource       : HikariPool-1 - Start completed.
2025-12-18T23:53:34.933+01:00  WARN 1144 --- [backendCookShare] [           main] org.hibernate.orm.deprecation            : HHH90000025: MySQL8Dialect does not need to be specified explicitly using 'hibernate.dialect' (remove the property setting and it will be selected by default)
2025-12-18T23:53:34.934+01:00  WARN 1144 --- [backendCookShare] [           main] org.hibernate.orm.deprecation            : HHH90000026: MySQL8Dialect has been deprecated; use org.hibernate.dialect.MySQLDialect instead
2025-12-18T23:53:34.958+01:00  INFO 1144 --- [backendCookShare] [           main] org.hibernate.orm.connections.pooling    : HHH10001005: Database info:
	Database JDBC URL [Connecting through datasource 'HikariDataSource (HikariPool-1)']
	Database driver: undefined/unknown
	Database version: 8.0
	Autocommit mode: undefined/unknown
	Isolation level: undefined/unknown
	Minimum pool size: undefined/unknown
	Maximum pool size: undefined/unknown
2025-12-18T23:53:36.526+01:00  INFO 1144 --- [backendCookShare] [           main] o.h.e.t.j.p.i.JtaPlatformInitiator       : HHH000489: No JTA platform available (set 'hibernate.transaction.jta.platform' to enable JTA platform integration)
2025-12-18T23:53:36.679+01:00  INFO 1144 --- [backendCookShare] [           main] j.LocalContainerEntityManagerFactoryBean : Initialized JPA EntityManagerFactory for persistence unit 'default'
2025-12-18T23:53:37.290+01:00  WARN 1144 --- [backendCookShare] [           main] JpaBaseConfiguration$JpaWebConfiguration : spring.jpa.open-in-view is enabled by default. Therefore, database queries may be performed during view rendering. Explicitly configure spring.jpa.open-in-view to disable this warning
2025-12-18T23:53:37.334+01:00  INFO 1144 --- [backendCookShare] [           main] r$InitializeUserDetailsManagerConfigurer : Global AuthenticationManager configured with UserDetailsService bean with name userDetailsServiceImpl
2025-12-18T23:53:38.005+01:00  WARN 1144 --- [backendCookShare] [           main] ConfigServletWebServerApplicationContext : Exception encountered during context initialization - cancelling refresh attempt: org.springframework.context.ApplicationContextException: Failed to start bean 'webServerStartStop'
2025-12-18T23:53:38.009+01:00  INFO 1144 --- [backendCookShare] [           main] j.LocalContainerEntityManagerFactoryBean : Closing JPA EntityManagerFactory for persistence unit 'default'
2025-12-18T23:53:38.011+01:00  INFO 1144 --- [backendCookShare] [           main] com.zaxxer.hikari.HikariDataSource       : HikariPool-1 - Shutdown initiated...
2025-12-18T23:53:38.019+01:00  INFO 1144 --- [backendCookShare] [           main] com.zaxxer.hikari.HikariDataSource       : HikariPool-1 - Shutdown completed.
2025-12-18T23:53:38.033+01:00  INFO 1144 --- [backendCookShare] [           main] .s.b.a.l.ConditionEvaluationReportLogger : 

Error starting ApplicationContext. To display the condition evaluation report re-run your application with 'debug' enabled.
2025-12-18T23:53:38.055+01:00 ERROR 1144 --- [backendCookShare] [           main] o.s.b.d.LoggingFailureAnalysisReporter   : 

***************************
APPLICATION FAILED TO START
***************************

Description:

Web server failed to start. Port 8080 was already in use.

Action:

Identify and stop the process that's listening on port 8080 or configure this application to listen on another port.

[INFO] ------------------------------------------------------------------------
[INFO] BUILD FAILURE
[INFO] ------------------------------------------------------------------------
[INFO] Total time:  10.639 s
[INFO] Finished at: 2025-12-18T23:53:38+01:00
[INFO] ------------------------------------------------------------------------
[ERROR] Failed to execute goal org.springframework.boot:spring-boot-maven-plugin:3.5.7:run (default-cli) on project backendCookShare: Process terminated with exit code: 1 -> [Help 1]
[ERROR] 
[ERROR] To see the full stack trace of the errors, re-run Maven with the -e switch.
[ERROR] Re-run Maven using the -X switch to enable full debug logging.
[ERROR] 
[ERROR] For more information about the errors and possible solutions, please read the following articles:
[ERROR] [Help 1] http://cwiki.apache.org/confluence/display/MAVEN/MojoExecutionException
