[INFO] Scanning for projects...
[INFO] 
[INFO] --------------------< com.example:backendCookShare >--------------------
[INFO] Building backendCookShare 1.0.0
[INFO]   from pom.xml
[INFO] --------------------------------[ jar ]---------------------------------
[INFO] 
[INFO] >>> spring-boot:3.5.7:run (default-cli) > test-compile @ backendCookShare >>>
[INFO] 
[INFO] --- resources:3.3.1:resources (default-resources) @ backendCookShare ---
[INFO] Copying 1 resource from src\main\resources to target\classes
[INFO] Copying 0 resource from src\main\resources to target\classes
[INFO] 
[INFO] --- compiler:3.10.1:compile (default-compile) @ backendCookShare ---
[INFO] Nothing to compile - all classes are up to date
[INFO] 
[INFO] --- resources:3.3.1:testResources (default-testResources) @ backendCookShare ---
[INFO] skip non existing resourceDirectory C:\Users\pc\Desktop\justFolders\CookShare\backendCookShare\src\test\resources
[INFO] 
[INFO] --- compiler:3.10.1:testCompile (default-testCompile) @ backendCookShare ---
[INFO] Nothing to compile - all classes are up to date
[INFO] 
[INFO] <<< spring-boot:3.5.7:run (default-cli) < test-compile @ backendCookShare <<<
[INFO] 
[INFO] 
[INFO] --- spring-boot:3.5.7:run (default-cli) @ backendCookShare ---
[INFO] Attaching agents: []

  .   ____          _            __ _ _
 /\\ / ___'_ __ _ _(_)_ __  __ _ \ \ \ \
( ( )\___ | '_ | '_| | '_ \/ _` | \ \ \ \
 \\/  ___)| |_)| | | | | || (_| |  ) ) ) )
  '  |____| .__|_| |_|_| |_\__, | / / / /
 =========|_|==============|___/=/_/_/_/

 :: Spring Boot ::                (v3.5.7)

2025-12-18T23:58:02.901+01:00  INFO 29808 --- [backendCookShare] [           main] c.e.b.BackendCookShareApplication        : Starting BackendCookShareApplication using Java 21.0.9 with PID 29808 (C:\Users\pc\Desktop\justFolders\CookShare\backendCookShare\target\classes started by pc in C:\Users\pc\Desktop\justFolders\CookShare\backendCookShare)
2025-12-18T23:58:02.906+01:00  INFO 29808 --- [backendCookShare] [           main] c.e.b.BackendCookShareApplication        : No active profile set, falling back to 1 default profile: "default"
2025-12-18T23:58:03.841+01:00  INFO 29808 --- [backendCookShare] [           main] .s.d.r.c.RepositoryConfigurationDelegate : Bootstrapping Spring Data JPA repositories in DEFAULT mode.
2025-12-18T23:58:03.938+01:00  INFO 29808 --- [backendCookShare] [           main] .s.d.r.c.RepositoryConfigurationDelegate : Finished Spring Data repository scanning in 85 ms. Found 3 JPA repository interfaces.
2025-12-18T23:58:04.713+01:00  INFO 29808 --- [backendCookShare] [           main] o.s.b.w.embedded.tomcat.TomcatWebServer  : Tomcat initialized with port 8080 (http)
2025-12-18T23:58:04.731+01:00  INFO 29808 --- [backendCookShare] [           main] o.apache.catalina.core.StandardService   : Starting service [Tomcat]
2025-12-18T23:58:04.731+01:00  INFO 29808 --- [backendCookShare] [           main] o.apache.catalina.core.StandardEngine    : Starting Servlet engine: [Apache Tomcat/10.1.48]
2025-12-18T23:58:04.819+01:00  INFO 29808 --- [backendCookShare] [           main] o.a.c.c.C.[Tomcat].[localhost].[/]       : Initializing Spring embedded WebApplicationContext
2025-12-18T23:58:04.820+01:00  INFO 29808 --- [backendCookShare] [           main] w.s.c.ServletWebServerApplicationContext : Root WebApplicationContext: initialization completed in 1846 ms
2025-12-18T23:58:05.003+01:00  INFO 29808 --- [backendCookShare] [           main] o.hibernate.jpa.internal.util.LogHelper  : HHH000204: Processing PersistenceUnitInfo [name: default]
2025-12-18T23:58:05.075+01:00  INFO 29808 --- [backendCookShare] [           main] org.hibernate.Version                    : HHH000412: Hibernate ORM core version 6.6.33.Final
2025-12-18T23:58:05.122+01:00  INFO 29808 --- [backendCookShare] [           main] o.h.c.internal.RegionFactoryInitiator    : HHH000026: Second-level cache disabled
2025-12-18T23:58:05.550+01:00  INFO 29808 --- [backendCookShare] [           main] o.s.o.j.p.SpringPersistenceUnitInfo      : No LoadTimeWeaver setup: ignoring JPA class transformer
2025-12-18T23:58:05.592+01:00  INFO 29808 --- [backendCookShare] [           main] com.zaxxer.hikari.HikariDataSource       : HikariPool-1 - Starting...
2025-12-18T23:58:06.132+01:00  INFO 29808 --- [backendCookShare] [           main] com.zaxxer.hikari.pool.HikariPool        : HikariPool-1 - Added connection com.mysql.cj.jdbc.ConnectionImpl@4ffa7041
2025-12-18T23:58:06.134+01:00  INFO 29808 --- [backendCookShare] [           main] com.zaxxer.hikari.HikariDataSource       : HikariPool-1 - Start completed.
2025-12-18T23:58:06.202+01:00  WARN 29808 --- [backendCookShare] [           main] org.hibernate.orm.deprecation            : HHH90000025: MySQL8Dialect does not need to be specified explicitly using 'hibernate.dialect' (remove the property setting and it will be selected by default)
2025-12-18T23:58:06.203+01:00  WARN 29808 --- [backendCookShare] [           main] org.hibernate.orm.deprecation            : HHH90000026: MySQL8Dialect has been deprecated; use org.hibernate.dialect.MySQLDialect instead
2025-12-18T23:58:06.226+01:00  INFO 29808 --- [backendCookShare] [           main] org.hibernate.orm.connections.pooling    : HHH10001005: Database info:
	Database JDBC URL [Connecting through datasource 'HikariDataSource (HikariPool-1)']
	Database driver: undefined/unknown
	Database version: 8.0
	Autocommit mode: undefined/unknown
	Isolation level: undefined/unknown
	Minimum pool size: undefined/unknown
	Maximum pool size: undefined/unknown
2025-12-18T23:58:07.752+01:00  INFO 29808 --- [backendCookShare] [           main] o.h.e.t.j.p.i.JtaPlatformInitiator       : HHH000489: No JTA platform available (set 'hibernate.transaction.jta.platform' to enable JTA platform integration)
2025-12-18T23:58:07.892+01:00  INFO 29808 --- [backendCookShare] [           main] j.LocalContainerEntityManagerFactoryBean : Initialized JPA EntityManagerFactory for persistence unit 'default'
2025-12-18T23:58:08.481+01:00  WARN 29808 --- [backendCookShare] [           main] JpaBaseConfiguration$JpaWebConfiguration : spring.jpa.open-in-view is enabled by default. Therefore, database queries may be performed during view rendering. Explicitly configure spring.jpa.open-in-view to disable this warning
2025-12-18T23:58:08.527+01:00  INFO 29808 --- [backendCookShare] [           main] r$InitializeUserDetailsManagerConfigurer : Global AuthenticationManager configured with UserDetailsService bean with name userDetailsServiceImpl
2025-12-18T23:58:09.176+01:00  INFO 29808 --- [backendCookShare] [           main] o.s.b.w.embedded.tomcat.TomcatWebServer  : Tomcat started on port 8080 (http) with context path '/'
2025-12-18T23:58:09.186+01:00  INFO 29808 --- [backendCookShare] [           main] c.e.b.BackendCookShareApplication        : Started BackendCookShareApplication in 6.896 seconds (process running for 7.438)
2025-12-18T23:58:41.204+01:00  INFO 29808 --- [backendCookShare] [nio-8080-exec-1] o.a.c.c.C.[Tomcat].[localhost].[/]       : Initializing Spring DispatcherServlet 'dispatcherServlet'
2025-12-18T23:58:41.204+01:00  INFO 29808 --- [backendCookShare] [nio-8080-exec-1] o.s.web.servlet.DispatcherServlet        : Initializing Servlet 'dispatcherServlet'
2025-12-18T23:58:41.207+01:00  INFO 29808 --- [backendCookShare] [nio-8080-exec-1] o.s.web.servlet.DispatcherServlet        : Completed initialization in 2 ms
Hibernate: 
    select
        p1_0.id,
        p1_0.author_id,
        p1_0.cooking_time,
        p1_0.created_at,
        p1_0.description,
        p1_0.diet,
        p1_0.`image_url`,
        p1_0.ingredients,
        p1_0.theme,
        p1_0.title,
        p1_0.tutorial,
        p1_0.type 
    from
        posts p1_0
Hibernate: 
    select
        u1_0.id,
        u1_0.avatar_url,
        u1_0.created_at,
        u1_0.email,
        u1_0.full_name,
        u1_0.password,
        u1_0.username 
    from
        users u1_0 
    where
        u1_0.id=?
Hibernate: 
    select
        u1_0.id,
        u1_0.avatar_url,
        u1_0.created_at,
        u1_0.email,
        u1_0.full_name,
        u1_0.password,
        u1_0.username 
    from
        users u1_0 
    where
        u1_0.id=?
Hibernate: 
    select
        l1_0.post_id,
        l1_0.id,
        l1_0.created_at,
        u1_0.id,
        u1_0.avatar_url,
        u1_0.created_at,
        u1_0.email,
        u1_0.full_name,
        u1_0.password,
        u1_0.username 
    from
        likes l1_0 
    left join
        users u1_0 
            on u1_0.id=l1_0.user_id 
    where
        l1_0.post_id=?
Hibernate: 
    select
        c1_0.post_id,
        c1_0.id,
        c1_0.author_id,
        a1_0.id,
        a1_0.avatar_url,
        a1_0.created_at,
        a1_0.email,
        a1_0.full_name,
        a1_0.password,
        a1_0.username,
        c1_0.content,
        c1_0.created_at 
    from
        comments c1_0 
    left join
        users a1_0 
            on a1_0.id=c1_0.author_id 
    where
        c1_0.post_id=?
Hibernate: 
    select
        l1_0.post_id,
        l1_0.id,
        l1_0.created_at,
        u1_0.id,
        u1_0.avatar_url,
        u1_0.created_at,
        u1_0.email,
        u1_0.full_name,
        u1_0.password,
        u1_0.username 
    from
        likes l1_0 
    left join
        users u1_0 
            on u1_0.id=l1_0.user_id 
    where
        l1_0.post_id=?
Hibernate: 
    select
        c1_0.post_id,
        c1_0.id,
        c1_0.author_id,
        a1_0.id,
        a1_0.avatar_url,
        a1_0.created_at,
        a1_0.email,
        a1_0.full_name,
        a1_0.password,
        a1_0.username,
        c1_0.content,
        c1_0.created_at 
    from
        comments c1_0 
    left join
        users a1_0 
            on a1_0.id=c1_0.author_id 
    where
        c1_0.post_id=?
Hibernate: 
    select
        l1_0.post_id,
        l1_0.id,
        l1_0.created_at,
        u1_0.id,
        u1_0.avatar_url,
        u1_0.created_at,
        u1_0.email,
        u1_0.full_name,
        u1_0.password,
        u1_0.username 
    from
        likes l1_0 
    left join
        users u1_0 
            on u1_0.id=l1_0.user_id 
    where
        l1_0.post_id=?
Hibernate: 
    select
        c1_0.post_id,
        c1_0.id,
        c1_0.author_id,
        a1_0.id,
        a1_0.avatar_url,
        a1_0.created_at,
        a1_0.email,
        a1_0.full_name,
        a1_0.password,
        a1_0.username,
        c1_0.content,
        c1_0.created_at 
    from
        comments c1_0 
    left join
        users a1_0 
            on a1_0.id=c1_0.author_id 
    where
        c1_0.post_id=?
Hibernate: 
    select
        l1_0.post_id,
        l1_0.id,
        l1_0.created_at,
        u1_0.id,
        u1_0.avatar_url,
        u1_0.created_at,
        u1_0.email,
        u1_0.full_name,
        u1_0.password,
        u1_0.username 
    from
        likes l1_0 
    left join
        users u1_0 
            on u1_0.id=l1_0.user_id 
    where
        l1_0.post_id=?
Hibernate: 
    select
        c1_0.post_id,
        c1_0.id,
        c1_0.author_id,
        a1_0.id,
        a1_0.avatar_url,
        a1_0.created_at,
        a1_0.email,
        a1_0.full_name,
        a1_0.password,
        a1_0.username,
        c1_0.content,
        c1_0.created_at 
    from
        comments c1_0 
    left join
        users a1_0 
            on a1_0.id=c1_0.author_id 
    where
        c1_0.post_id=?
Hibernate: 
    select
        l1_0.post_id,
        l1_0.id,
        l1_0.created_at,
        u1_0.id,
        u1_0.avatar_url,
        u1_0.created_at,
        u1_0.email,
        u1_0.full_name,
        u1_0.password,
        u1_0.username 
    from
        likes l1_0 
    left join
        users u1_0 
            on u1_0.id=l1_0.user_id 
    where
        l1_0.post_id=?
Hibernate: 
    select
        c1_0.post_id,
        c1_0.id,
        c1_0.author_id,
        a1_0.id,
        a1_0.avatar_url,
        a1_0.created_at,
        a1_0.email,
        a1_0.full_name,
        a1_0.password,
        a1_0.username,
        c1_0.content,
        c1_0.created_at 
    from
        comments c1_0 
    left join
        users a1_0 
            on a1_0.id=c1_0.author_id 
    where
        c1_0.post_id=?
Hibernate: 
    select
        l1_0.post_id,
        l1_0.id,
        l1_0.created_at,
        u1_0.id,
        u1_0.avatar_url,
        u1_0.created_at,
        u1_0.email,
        u1_0.full_name,
        u1_0.password,
        u1_0.username 
    from
        likes l1_0 
    left join
        users u1_0 
            on u1_0.id=l1_0.user_id 
    where
        l1_0.post_id=?
Hibernate: 
    select
        c1_0.post_id,
        c1_0.id,
        c1_0.author_id,
        a1_0.id,
        a1_0.avatar_url,
        a1_0.created_at,
        a1_0.email,
        a1_0.full_name,
        a1_0.password,
        a1_0.username,
        c1_0.content,
        c1_0.created_at 
    from
        comments c1_0 
    left join
        users a1_0 
            on a1_0.id=c1_0.author_id 
    where
        c1_0.post_id=?
Hibernate: 
    select
        l1_0.post_id,
        l1_0.id,
        l1_0.created_at,
        u1_0.id,
        u1_0.avatar_url,
        u1_0.created_at,
        u1_0.email,
        u1_0.full_name,
        u1_0.password,
        u1_0.username 
    from
        likes l1_0 
    left join
        users u1_0 
            on u1_0.id=l1_0.user_id 
    where
        l1_0.post_id=?
Hibernate: 
    select
        c1_0.post_id,
        c1_0.id,
        c1_0.author_id,
        a1_0.id,
        a1_0.avatar_url,
        a1_0.created_at,
        a1_0.email,
        a1_0.full_name,
        a1_0.password,
        a1_0.username,
        c1_0.content,
        c1_0.created_at 
    from
        comments c1_0 
    left join
        users a1_0 
            on a1_0.id=c1_0.author_id 
    where
        c1_0.post_id=?
Hibernate: 
    select
        l1_0.post_id,
        l1_0.id,
        l1_0.created_at,
        u1_0.id,
        u1_0.avatar_url,
        u1_0.created_at,
        u1_0.email,
        u1_0.full_name,
        u1_0.password,
        u1_0.username 
    from
        likes l1_0 
    left join
        users u1_0 
            on u1_0.id=l1_0.user_id 
    where
        l1_0.post_id=?
Hibernate: 
    select
        c1_0.post_id,
        c1_0.id,
        c1_0.author_id,
        a1_0.id,
        a1_0.avatar_url,
        a1_0.created_at,
        a1_0.email,
        a1_0.full_name,
        a1_0.password,
        a1_0.username,
        c1_0.content,
        c1_0.created_at 
    from
        comments c1_0 
    left join
        users a1_0 
            on a1_0.id=c1_0.author_id 
    where
        c1_0.post_id=?
Hibernate: 
    select
        l1_0.post_id,
        l1_0.id,
        l1_0.created_at,
        u1_0.id,
        u1_0.avatar_url,
        u1_0.created_at,
        u1_0.email,
        u1_0.full_name,
        u1_0.password,
        u1_0.username 
    from
        likes l1_0 
    left join
        users u1_0 
            on u1_0.id=l1_0.user_id 
    where
        l1_0.post_id=?
Hibernate: 
    select
        c1_0.post_id,
        c1_0.id,
        c1_0.author_id,
        a1_0.id,
        a1_0.avatar_url,
        a1_0.created_at,
        a1_0.email,
        a1_0.full_name,
        a1_0.password,
        a1_0.username,
        c1_0.content,
        c1_0.created_at 
    from
        comments c1_0 
    left join
        users a1_0 
            on a1_0.id=c1_0.author_id 
    where
        c1_0.post_id=?
Hibernate: 
    select
        l1_0.post_id,
        l1_0.id,
        l1_0.created_at,
        u1_0.id,
        u1_0.avatar_url,
        u1_0.created_at,
        u1_0.email,
        u1_0.full_name,
        u1_0.password,
        u1_0.username 
    from
        likes l1_0 
    left join
        users u1_0 
            on u1_0.id=l1_0.user_id 
    where
        l1_0.post_id=?
Hibernate: 
    select
        c1_0.post_id,
        c1_0.id,
        c1_0.author_id,
        a1_0.id,
        a1_0.avatar_url,
        a1_0.created_at,
        a1_0.email,
        a1_0.full_name,
        a1_0.password,
        a1_0.username,
        c1_0.content,
        c1_0.created_at 
    from
        comments c1_0 
    left join
        users a1_0 
            on a1_0.id=c1_0.author_id 
    where
        c1_0.post_id=?
Hibernate: 
    select
        l1_0.post_id,
        l1_0.id,
        l1_0.created_at,
        u1_0.id,
        u1_0.avatar_url,
        u1_0.created_at,
        u1_0.email,
        u1_0.full_name,
        u1_0.password,
        u1_0.username 
    from
        likes l1_0 
    left join
        users u1_0 
            on u1_0.id=l1_0.user_id 
    where
        l1_0.post_id=?
Hibernate: 
    select
        c1_0.post_id,
        c1_0.id,
        c1_0.author_id,
        a1_0.id,
        a1_0.avatar_url,
        a1_0.created_at,
        a1_0.email,
        a1_0.full_name,
        a1_0.password,
        a1_0.username,
        c1_0.content,
        c1_0.created_at 
    from
        comments c1_0 
    left join
        users a1_0 
            on a1_0.id=c1_0.author_id 
    where
        c1_0.post_id=?
Hibernate: 
    select
        l1_0.post_id,
        l1_0.id,
        l1_0.created_at,
        u1_0.id,
        u1_0.avatar_url,
        u1_0.created_at,
        u1_0.email,
        u1_0.full_name,
        u1_0.password,
        u1_0.username 
    from
        likes l1_0 
    left join
        users u1_0 
            on u1_0.id=l1_0.user_id 
    where
        l1_0.post_id=?
Hibernate: 
    select
        c1_0.post_id,
        c1_0.id,
        c1_0.author_id,
        a1_0.id,
        a1_0.avatar_url,
        a1_0.created_at,
        a1_0.email,
        a1_0.full_name,
        a1_0.password,
        a1_0.username,
        c1_0.content,
        c1_0.created_at 
    from
        comments c1_0 
    left join
        users a1_0 
            on a1_0.id=c1_0.author_id 
    where
        c1_0.post_id=?
Hibernate: 
    select
        l1_0.post_id,
        l1_0.id,
        l1_0.created_at,
        u1_0.id,
        u1_0.avatar_url,
        u1_0.created_at,
        u1_0.email,
        u1_0.full_name,
        u1_0.password,
        u1_0.username 
    from
        likes l1_0 
    left join
        users u1_0 
            on u1_0.id=l1_0.user_id 
    where
        l1_0.post_id=?
Hibernate: 
    select
        c1_0.post_id,
        c1_0.id,
        c1_0.author_id,
        a1_0.id,
        a1_0.avatar_url,
        a1_0.created_at,
        a1_0.email,
        a1_0.full_name,
        a1_0.password,
        a1_0.username,
        c1_0.content,
        c1_0.created_at 
    from
        comments c1_0 
    left join
        users a1_0 
            on a1_0.id=c1_0.author_id 
    where
        c1_0.post_id=?
Hibernate: 
    select
        l1_0.post_id,
        l1_0.id,
        l1_0.created_at,
        u1_0.id,
        u1_0.avatar_url,
        u1_0.created_at,
        u1_0.email,
        u1_0.full_name,
        u1_0.password,
        u1_0.username 
    from
        likes l1_0 
    left join
        users u1_0 
            on u1_0.id=l1_0.user_id 
    where
        l1_0.post_id=?
Hibernate: 
    select
        c1_0.post_id,
        c1_0.id,
        c1_0.author_id,
        a1_0.id,
        a1_0.avatar_url,
        a1_0.created_at,
        a1_0.email,
        a1_0.full_name,
        a1_0.password,
        a1_0.username,
        c1_0.content,
        c1_0.created_at 
    from
        comments c1_0 
    left join
        users a1_0 
            on a1_0.id=c1_0.author_id 
    where
        c1_0.post_id=?
Hibernate: 
    select
        l1_0.post_id,
        l1_0.id,
        l1_0.created_at,
        u1_0.id,
        u1_0.avatar_url,
        u1_0.created_at,
        u1_0.email,
        u1_0.full_name,
        u1_0.password,
        u1_0.username 
    from
        likes l1_0 
    left join
        users u1_0 
            on u1_0.id=l1_0.user_id 
    where
        l1_0.post_id=?
Hibernate: 
    select
        c1_0.post_id,
        c1_0.id,
        c1_0.author_id,
        a1_0.id,
        a1_0.avatar_url,
        a1_0.created_at,
        a1_0.email,
        a1_0.full_name,
        a1_0.password,
        a1_0.username,
        c1_0.content,
        c1_0.created_at 
    from
        comments c1_0 
    left join
        users a1_0 
            on a1_0.id=c1_0.author_id 
    where
        c1_0.post_id=?
Hibernate: 
    select
        l1_0.post_id,
        l1_0.id,
        l1_0.created_at,
        u1_0.id,
        u1_0.avatar_url,
        u1_0.created_at,
        u1_0.email,
        u1_0.full_name,
        u1_0.password,
        u1_0.username 
    from
        likes l1_0 
    left join
        users u1_0 
            on u1_0.id=l1_0.user_id 
    where
        l1_0.post_id=?
Hibernate: 
    select
        c1_0.post_id,
        c1_0.id,
        c1_0.author_id,
        a1_0.id,
        a1_0.avatar_url,
        a1_0.created_at,
        a1_0.email,
        a1_0.full_name,
        a1_0.password,
        a1_0.username,
        c1_0.content,
        c1_0.created_at 
    from
        comments c1_0 
    left join
        users a1_0 
            on a1_0.id=c1_0.author_id 
    where
        c1_0.post_id=?
Hibernate: 
    select
        l1_0.post_id,
        l1_0.id,
        l1_0.created_at,
        u1_0.id,
        u1_0.avatar_url,
        u1_0.created_at,
        u1_0.email,
        u1_0.full_name,
        u1_0.password,
        u1_0.username 
    from
        likes l1_0 
    left join
        users u1_0 
            on u1_0.id=l1_0.user_id 
    where
        l1_0.post_id=?
Hibernate: 
    select
        c1_0.post_id,
        c1_0.id,
        c1_0.author_id,
        a1_0.id,
        a1_0.avatar_url,
        a1_0.created_at,
        a1_0.email,
        a1_0.full_name,
        a1_0.password,
        a1_0.username,
        c1_0.content,
        c1_0.created_at 
    from
        comments c1_0 
    left join
        users a1_0 
            on a1_0.id=c1_0.author_id 
    where
        c1_0.post_id=?
Hibernate: 
    select
        l1_0.post_id,
        l1_0.id,
        l1_0.created_at,
        u1_0.id,
        u1_0.avatar_url,
        u1_0.created_at,
        u1_0.email,
        u1_0.full_name,
        u1_0.password,
        u1_0.username 
    from
        likes l1_0 
    left join
        users u1_0 
            on u1_0.id=l1_0.user_id 
    where
        l1_0.post_id=?
Hibernate: 
    select
        c1_0.post_id,
        c1_0.id,
        c1_0.author_id,
        a1_0.id,
        a1_0.avatar_url,
        a1_0.created_at,
        a1_0.email,
        a1_0.full_name,
        a1_0.password,
        a1_0.username,
        c1_0.content,
        c1_0.created_at 
    from
        comments c1_0 
    left join
        users a1_0 
            on a1_0.id=c1_0.author_id 
    where
        c1_0.post_id=?
Hibernate: 
    select
        l1_0.post_id,
        l1_0.id,
        l1_0.created_at,
        u1_0.id,
        u1_0.avatar_url,
        u1_0.created_at,
        u1_0.email,
        u1_0.full_name,
        u1_0.password,
        u1_0.username 
    from
        likes l1_0 
    left join
        users u1_0 
            on u1_0.id=l1_0.user_id 
    where
        l1_0.post_id=?
Hibernate: 
    select
        c1_0.post_id,
        c1_0.id,
        c1_0.author_id,
        a1_0.id,
        a1_0.avatar_url,
        a1_0.created_at,
        a1_0.email,
        a1_0.full_name,
        a1_0.password,
        a1_0.username,
        c1_0.content,
        c1_0.created_at 
    from
        comments c1_0 
    left join
        users a1_0 
            on a1_0.id=c1_0.author_id 
    where
        c1_0.post_id=?
Hibernate: 
    select
        l1_0.post_id,
        l1_0.id,
        l1_0.created_at,
        u1_0.id,
        u1_0.avatar_url,
        u1_0.created_at,
        u1_0.email,
        u1_0.full_name,
        u1_0.password,
        u1_0.username 
    from
        likes l1_0 
    left join
        users u1_0 
            on u1_0.id=l1_0.user_id 
    where
        l1_0.post_id=?
Hibernate: 
    select
        c1_0.post_id,
        c1_0.id,
        c1_0.author_id,
        a1_0.id,
        a1_0.avatar_url,
        a1_0.created_at,
        a1_0.email,
        a1_0.full_name,
        a1_0.password,
        a1_0.username,
        c1_0.content,
        c1_0.created_at 
    from
        comments c1_0 
    left join
        users a1_0 
            on a1_0.id=c1_0.author_id 
    where
        c1_0.post_id=?
[INFO] ------------------------------------------------------------------------
[INFO] BUILD FAILURE
[INFO] ------------------------------------------------------------------------
[INFO] Total time:  07:41 min
[INFO] Finished at: 2025-12-19T00:05:39+01:00
[INFO] ------------------------------------------------------------------------
[ERROR] Failed to execute goal org.springframework.boot:spring-boot-maven-plugin:3.5.7:run (default-cli) on project backendCookShare: Process terminated with exit code: 1 -> [Help 1]
[ERROR] 
[ERROR] To see the full stack trace of the errors, re-run Maven with the -e switch.
[ERROR] Re-run Maven using the -X switch to enable full debug logging.
[ERROR] 
[ERROR] For more information about the errors and possible solutions, please read the following articles:
[ERROR] [Help 1] http://cwiki.apache.org/confluence/display/MAVEN/MojoExecutionException
